2023-02-07 23:09:22 DEBUG CommandBot:34 - hello 2
2023-02-07 23:11:27 DEBUG CommandBot:32 - fr
2023-02-07 23:16:59 DEBUG CommandBot:34 - ПРивет
2023-02-07 23:17:01 DEBUG CommandBot:34 - в
2023-02-07 23:23:06 DEBUG CommandBot:34 - dddd
2023-02-07 23:24:09 DEBUG CommandBot:34 - ce
2023-02-07 23:32:03 DEBUG CommandBot:34 - fg
2023-02-07 23:38:56 DEBUG CommandBot:33 - /start
2023-02-07 23:38:59 DEBUG CommandBot:33 - /start
2023-02-07 23:40:35 DEBUG CommandBot:33 - /start
2023-02-08 00:00:38 DEBUG CommandBot:33 - /start
2023-02-08 00:02:11 DEBUG CommandBot:33 - /start
2023-02-08 00:02:59 DEBUG CommandBot:33 - привет
2023-02-08 00:03:04 DEBUG CommandBot:33 - ва
2023-02-08 23:15:04 DEBUG CommandBot:33 - true
2023-02-08 23:15:06 DEBUG CommandBot:33 - false
2023-02-08 23:17:29 DEBUG CommandBot:33 - f
2023-02-08 23:17:34 DEBUG CommandBot:33 - /start
2023-02-08 23:17:39 DEBUG CommandBot:33 - /start
2023-02-08 23:17:43 DEBUG CommandBot:33 - f
